Build started 7/27/2012 11:37:09 PM.
     1>Project "D:\C++\QuickSort\QuickSort\QuickSort.vcxproj" on node 2 (build target(s)).
     1>InitializeBuildStatus:
         Touching "Debug\QuickSort.unsuccessfulbuild".
       ClCompile:
         All outputs are up-to-date.
         C:\Program Files (x86)\Microsoft Visual Studio 10.0\VC\bin\CL.exe /c /ZI /nologo /W3 /WX- /Od /Oy- /D WIN32 /D _DEBUG /D _CONSOLE /D _UNICODE /D UNICODE /Gm /EHsc /RTC1 /MDd /GS /fp:precise /Zc:wchar_t /Zc:forScope /Yu"StdAfx.h" /Fp"Debug\QuickSort.pch" /Fo"Debug\\" /Fd"Debug\vc100.pdb" /Gd /TP /analyze- /errorReport:prompt QuickSort.cpp
         QuickSort.cpp
     1>d:\c++\quicksort\quicksort\quicksort.cpp(19): warning C4244: 'argument' : conversion from 'time_t' to 'unsigned int', possible loss of data
       ManifestResourceCompile:
         C:\Program Files (x86)\Microsoft SDKs\Windows\v7.0A\bin\rc.exe /nologo /fo"Debug\QuickSort.exe.embed.manifest.res" Debug\QuickSort_manifest.rc 
       Link:
         C:\Program Files (x86)\Microsoft Visual Studio 10.0\VC\bin\link.exe /ERRORREPORT:PROMPT /OUT:"D:\C++\QuickSort\Debug\QuickSort.exe" /INCREMENTAL /NOLOGO kernel32.lib user32.lib gdi32.lib winspool.lib comdlg32.lib advapi32.lib shell32.lib ole32.lib oleaut32.lib uuid.lib odbc32.lib odbccp32.lib /MANIFEST /ManifestFile:"Debug\QuickSort.exe.intermediate.manifest" /MANIFESTUAC:"level='asInvoker' uiAccess='false'" /DEBUG /PDB:"D:\C++\QuickSort\Debug\QuickSort.pdb" /SUBSYSTEM:CONSOLE /TLBID:1 /DYNAMICBASE /NXCOMPAT /IMPLIB:"D:\C++\QuickSort\Debug\QuickSort.lib" /MACHINE:X86 Debug\QuickSort.exe.embed.manifest.res
         Debug\QuickSort.obj
         Debug\stdafx.obj
       Manifest:
         C:\Program Files (x86)\Microsoft SDKs\Windows\v7.0A\bin\mt.exe /nologo /verbose /out:"Debug\QuickSort.exe.embed.manifest" /manifest Debug\QuickSort.exe.intermediate.manifest
         C:\Program Files (x86)\Microsoft SDKs\Windows\v7.0A\bin\rc.exe /nologo /fo"Debug\QuickSort.exe.embed.manifest.res" Debug\QuickSort_manifest.rc 
       LinkEmbedManifest:
         C:\Program Files (x86)\Microsoft Visual Studio 10.0\VC\bin\link.exe /ERRORREPORT:PROMPT /OUT:"D:\C++\QuickSort\Debug\QuickSort.exe" /INCREMENTAL /NOLOGO kernel32.lib user32.lib gdi32.lib winspool.lib comdlg32.lib advapi32.lib shell32.lib ole32.lib oleaut32.lib uuid.lib odbc32.lib odbccp32.lib /MANIFEST /ManifestFile:"Debug\QuickSort.exe.intermediate.manifest" /MANIFESTUAC:"level='asInvoker' uiAccess='false'" /DEBUG /PDB:"D:\C++\QuickSort\Debug\QuickSort.pdb" /SUBSYSTEM:CONSOLE /TLBID:1 /DYNAMICBASE /NXCOMPAT /IMPLIB:"D:\C++\QuickSort\Debug\QuickSort.lib" /MACHINE:X86 Debug\QuickSort.exe.embed.manifest.res
         Debug\QuickSort.obj
         Debug\stdafx.obj
         QuickSort.vcxproj -> D:\C++\QuickSort\Debug\QuickSort.exe
       FinalizeBuildStatus:
         Deleting file "Debug\QuickSort.unsuccessfulbuild".
         Touching "Debug\QuickSort.lastbuildstate".
     1>Done Building Project "D:\C++\QuickSort\QuickSort\QuickSort.vcxproj" (build target(s)).

Build succeeded.

Time Elapsed 00:00:23.82
